1609037307538	geckodriver	INFO	Listening on 127.0.0.1:64904
1609037310593	mozrunner::runner	INFO	Running command: "C:\\Program Files\\Firefox Developer Edition\\firefox.exe" "--marionette" "-foreground" "-no-remote" "-profile" "C:\\Users\\ADMINI~1\\AppData\\Local\\Temp\\rust_mozprofilejheAdO"
console.warn: SearchSettings: "get: No settings file exists, new profile?" (new Error("", "(unknown module)"))
1609037312802	Marionette	INFO	Listening on port 64913
1609037313255	Marionette	WARN	TLS certificate errors will be ignored for this session
1609037313280	Marionette	ERROR	[17] No reply from Marionette:Register
1609037453701	Marionette	ERROR	[2147483651] No reply from Marionette:Register
[GFX1-]: Updating unknown shared surface: 12884901920
IPDL protocol error: Handler returned error code!

###!!! [Parent][DispatchAsyncMessage] Error: PWebRenderBridge::Msg_UpdateResources Processing error: message was deserialized, but the handler returned false (indicating failure)

1609037493307	Marionette	WARN	TimedPromise timed out after 500 ms: stacktrace:
TimedPromise/<@chrome://marionette/content/sync.js:235:19
TimedPromise@chrome://marionette/content/sync.js:220:10
interaction.flushEventLoop@chrome://marionette/content/interaction.js:418:10
webdriverClickElement@chrome://marionette/content/interaction.js:179:31
JavaScript error: resource://gre/modules/psm/RemoteSecuritySettings.jsm, line 819: NS_ERROR_ILLEGAL_VALUE: Component returned failure code: 0x80070057 (NS_ERROR_ILLEGAL_VALUE) [nsIXPCComponents_Utils.reportError]
1609038043119	Marionette	INFO	Stopped listening on port 64913

###!!! [Child][RunMessage] Error: Channel closing: too late to send/recv, messages will be lost


###!!! [Child][RunMessage] Error: Channel closing: too late to send/recv, messages will be lost

1609038079074	geckodriver	INFO	Listening on 127.0.0.1:65437
1609038082103	mozrunner::runner	INFO	Running command: "C:\\Program Files\\Firefox Developer Edition\\firefox.exe" "--marionette" "-foreground" "-no-remote" "-profile" "C:\\Users\\ADMINI~1\\AppData\\Local\\Temp\\rust_mozprofileFgQVtb"
console.warn: SearchSettings: "get: No settings file exists, new profile?" (new Error("", "(unknown module)"))
1609038084085	Marionette	INFO	Listening on port 65447
1609038084161	Marionette	WARN	TLS certificate errors will be ignored for this session
1609038084187	Marionette	ERROR	[17] No reply from Marionette:Register
1609038223977	Marionette	ERROR	[2147483651] No reply from Marionette:Register
1609038263514	Marionette	WARN	TimedPromise timed out after 500 ms: stacktrace:
TimedPromise/<@chrome://marionette/content/sync.js:235:19
TimedPromise@chrome://marionette/content/sync.js:220:10
interaction.flushEventLoop@chrome://marionette/content/interaction.js:418:10
webdriverClickElement@chrome://marionette/content/interaction.js:179:31
JavaScript error: resource://gre/modules/psm/RemoteSecuritySettings.jsm, line 819: NS_ERROR_ILLEGAL_VALUE: Component returned failure code: 0x80070057 (NS_ERROR_ILLEGAL_VALUE) [nsIXPCComponents_Utils.reportError]
1609040129554	Marionette	INFO	Stopped listening on port 65447

###!!! [Child][RunMessage] Error: Channel closing: too late to send/recv, messages will be lost


###!!! [Child][RunMessage] Error: Channel closing: too late to send/recv, messages will be lost

1609040143480	geckodriver	INFO	Listening on 127.0.0.1:50288
1609040146551	mozrunner::runner	INFO	Running command: "C:\\Program Files\\Firefox Developer Edition\\firefox.exe" "--marionette" "-foreground" "-no-remote" "-profile" "C:\\Users\\ADMINI~1\\AppData\\Local\\Temp\\rust_mozprofileotlSag"
console.warn: SearchSettings: "get: No settings file exists, new profile?" (new Error("", "(unknown module)"))
1609040148567	Marionette	INFO	Listening on port 50297
1609040148609	Marionette	WARN	TLS certificate errors will be ignored for this session
1609040148634	Marionette	ERROR	[17] No reply from Marionette:Register
console.error: Region.jsm: "Error fetching region" (new Error("TIMEOUT", "resource://gre/modules/Region.jsm", 775))
console.error: Region.jsm: "Failed to fetch region" (new Error("TIMEOUT", "resource://gre/modules/Region.jsm", 422))
1609040289773	Marionette	ERROR	[2147483651] No reply from Marionette:Register
1609040329344	Marionette	WARN	TimedPromise timed out after 500 ms: stacktrace:
TimedPromise/<@chrome://marionette/content/sync.js:235:19
TimedPromise@chrome://marionette/content/sync.js:220:10
interaction.flushEventLoop@chrome://marionette/content/interaction.js:418:10
webdriverClickElement@chrome://marionette/content/interaction.js:179:31
JavaScript error: resource://gre/modules/psm/RemoteSecuritySettings.jsm, line 819: NS_ERROR_ILLEGAL_VALUE: Component returned failure code: 0x80070057 (NS_ERROR_ILLEGAL_VALUE) [nsIXPCComponents_Utils.reportError]
